<?xml version="1.0" encoding="UTF-8"?>
<!-- Generated by org.testng.reporters.JUnitXMLReporter -->
<testsuite ignored="0" hostname="CHNMCT563110L" failures="0" tests="7" name="Default test" time="24.215" errors="0" timestamp="2022-07-08T12:37:21 IST">
  <testcase classname="com.flipkart.testscenarios.PlaceOrder" name="addToCartTest" time="0.013"/>
  <testcase classname="com.flipkart.testscenarios.PlaceOrder" name="confirmOrderTest" time="0.003"/>
  <testcase classname="com.flipkart.testscenarios.PlaceOrder" name="logoutTest" time="0.001"/>
  <testcase classname="com.flipkart.testscenarios.PlaceOrder" name="makePaymentTest" time="0.002"/>
  <testcase classname="com.flipkart.testscenarios.PlaceOrder" name="selectProductTest" time="0.003"/>
  <testcase classname="com.flipkart.testscenarios.PlaceOrder" name="loginTest" time="9.003"/>
  <testcase classname="com.flipkart.testscenarios.PlaceOrder" name="searchProductTest" time="4.844"/>
</testsuite> <!-- Default test -->
