<?xml version="1.0" encoding="UTF-8"?>
<testng-results ignored="0" total="7" passed="7" failed="0" skipped="0">
  <reporter-output>
  </reporter-output>
  <suite started-at="2022-07-08T12:36:57 IST" name="Default suite" finished-at="2022-07-08T12:37:21 IST" duration-ms="24215">
    <groups>
    </groups>
    <test started-at="2022-07-08T12:36:57 IST" name="Default test" finished-at="2022-07-08T12:37:21 IST" duration-ms="24215">
      <class name="com.flipkart.testscenarios.PlaceOrder">
        <test-method is-config="true" signature="beforeClass()[pri:0, instance:com.flipkart.testscenarios.PlaceOrder@5d0a1059]" started-at="2022-07-08T12:36:57 IST" name="beforeClass" finished-at="2022-07-08T12:37:06 IST" duration-ms="9696" status="PASS">
          <reporter-output>
          </reporter-output>
        </test-method> <!-- beforeClass -->
        <test-method signature="addToCartTest()[pri:0, instance:com.flipkart.testscenarios.PlaceOrder@5d0a1059]" started-at="2022-07-08T12:37:06 IST" name="addToCartTest" finished-at="2022-07-08T12:37:06 IST" duration-ms="13" status="PASS">
          <reporter-output>
          </reporter-output>
        </test-method> <!-- addToCartTest -->
        <test-method signature="confirmOrderTest()[pri:0, instance:com.flipkart.testscenarios.PlaceOrder@5d0a1059]" started-at="2022-07-08T12:37:06 IST" name="confirmOrderTest" finished-at="2022-07-08T12:37:06 IST" duration-ms="3" status="PASS">
          <reporter-output>
          </reporter-output>
        </test-method> <!-- confirmOrderTest -->
        <test-method signature="logoutTest()[pri:0, instance:com.flipkart.testscenarios.PlaceOrder@5d0a1059]" started-at="2022-07-08T12:37:06 IST" name="logoutTest" finished-at="2022-07-08T12:37:06 IST" duration-ms="1" status="PASS">
          <reporter-output>
          </reporter-output>
        </test-method> <!-- logoutTest -->
        <test-method signature="makePaymentTest()[pri:0, instance:com.flipkart.testscenarios.PlaceOrder@5d0a1059]" started-at="2022-07-08T12:37:06 IST" name="makePaymentTest" finished-at="2022-07-08T12:37:06 IST" duration-ms="2" status="PASS">
          <reporter-output>
          </reporter-output>
        </test-method> <!-- makePaymentTest -->
        <test-method signature="selectProductTest()[pri:0, instance:com.flipkart.testscenarios.PlaceOrder@5d0a1059]" started-at="2022-07-08T12:37:06 IST" name="selectProductTest" finished-at="2022-07-08T12:37:06 IST" duration-ms="3" status="PASS">
          <reporter-output>
          </reporter-output>
        </test-method> <!-- selectProductTest -->
        <test-method signature="loginTest()[pri:1, instance:com.flipkart.testscenarios.PlaceOrder@5d0a1059]" started-at="2022-07-08T12:37:06 IST" name="loginTest" finished-at="2022-07-08T12:37:15 IST" duration-ms="9003" status="PASS">
          <reporter-output>
          </reporter-output>
        </test-method> <!-- loginTest -->
        <test-method signature="searchProductTest()[pri:2, instance:com.flipkart.testscenarios.PlaceOrder@5d0a1059]" started-at="2022-07-08T12:37:15 IST" name="searchProductTest" finished-at="2022-07-08T12:37:20 IST" duration-ms="4844" status="PASS">
          <reporter-output>
          </reporter-output>
        </test-method> <!-- searchProductTest -->
        <test-method is-config="true" signature="afterClass()[pri:0, instance:com.flipkart.testscenarios.PlaceOrder@5d0a1059]" started-at="2022-07-08T12:37:20 IST" name="afterClass" finished-at="2022-07-08T12:37:21 IST" duration-ms="560" status="PASS">
          <reporter-output>
          </reporter-output>
        </test-method> <!-- afterClass -->
      </class> <!-- com.flipkart.testscenarios.PlaceOrder -->
    </test> <!-- Default test -->
  </suite> <!-- Default suite -->
</testng-results>
